C:\Users\Administrator\Source\Repos\cis-special-topics-fall-2017\Techno.Student.CisSpecialTopicsFall2017\app\erp-core\welcome\welcome.component.js
C:\Users\Administrator\Source\Repos\cis-special-topics-fall-2017\Techno.Student.CisSpecialTopicsFall2017\app\erp-core\welcome\welcome.component.js.map
C:\Users\Administrator\Source\Repos\cis-special-topics-fall-2017\Techno.Student.CisSpecialTopicsFall2017\app\erp-core\not-implemented\not-implemented.component.js
C:\Users\Administrator\Source\Repos\cis-special-topics-fall-2017\Techno.Student.CisSpecialTopicsFall2017\app\erp-core\not-implemented\not-implemented.component.js.map
C:\Users\Administrator\Source\Repos\cis-special-topics-fall-2017\Techno.Student.CisSpecialTopicsFall2017\app\app-routing.module.js
C:\Users\Administrator\Source\Repos\cis-special-topics-fall-2017\Techno.Student.CisSpecialTopicsFall2017\app\app-routing.module.js.map
C:\Users\Administrator\Source\Repos\cis-special-topics-fall-2017\Techno.Student.CisSpecialTopicsFall2017\app\erp-core\permissions.service.js
C:\Users\Administrator\Source\Repos\cis-special-topics-fall-2017\Techno.Student.CisSpecialTopicsFall2017\app\erp-core\permissions.service.js.map
C:\Users\Administrator\Source\Repos\cis-special-topics-fall-2017\Techno.Student.CisSpecialTopicsFall2017\app\erp-core\action-bar\action-bar.service.js
C:\Users\Administrator\Source\Repos\cis-special-topics-fall-2017\Techno.Student.CisSpecialTopicsFall2017\app\erp-core\action-bar\action-bar.service.js.map
C:\Users\Administrator\Source\Repos\cis-special-topics-fall-2017\Techno.Student.CisSpecialTopicsFall2017\app\app.component.js
C:\Users\Administrator\Source\Repos\cis-special-topics-fall-2017\Techno.Student.CisSpecialTopicsFall2017\app\app.component.js.map
C:\Users\Administrator\Source\Repos\cis-special-topics-fall-2017\Techno.Student.CisSpecialTopicsFall2017\app\core\core.module.js
C:\Users\Administrator\Source\Repos\cis-special-topics-fall-2017\Techno.Student.CisSpecialTopicsFall2017\app\core\core.module.js.map
C:\Users\Administrator\Source\Repos\cis-special-topics-fall-2017\Techno.Student.CisSpecialTopicsFall2017\app\erp-core\erp-lookup.service.js
C:\Users\Administrator\Source\Repos\cis-special-topics-fall-2017\Techno.Student.CisSpecialTopicsFall2017\app\erp-core\erp-lookup.service.js.map
C:\Users\Administrator\Source\Repos\cis-special-topics-fall-2017\Techno.Student.CisSpecialTopicsFall2017\app\erp-core\navigation-bar\navigation-bar.component.js
C:\Users\Administrator\Source\Repos\cis-special-topics-fall-2017\Techno.Student.CisSpecialTopicsFall2017\app\erp-core\navigation-bar\navigation-bar.component.js.map
C:\Users\Administrator\Source\Repos\cis-special-topics-fall-2017\Techno.Student.CisSpecialTopicsFall2017\app\erp-core\action-bar\action-bar.component.js
C:\Users\Administrator\Source\Repos\cis-special-topics-fall-2017\Techno.Student.CisSpecialTopicsFall2017\app\erp-core\action-bar\action-bar.component.js.map
C:\Users\Administrator\Source\Repos\cis-special-topics-fall-2017\Techno.Student.CisSpecialTopicsFall2017\app\erp-core\erp-core.module.js
C:\Users\Administrator\Source\Repos\cis-special-topics-fall-2017\Techno.Student.CisSpecialTopicsFall2017\app\erp-core\erp-core.module.js.map
C:\Users\Administrator\Source\Repos\cis-special-topics-fall-2017\Techno.Student.CisSpecialTopicsFall2017\app\shared\empty.component.js
C:\Users\Administrator\Source\Repos\cis-special-topics-fall-2017\Techno.Student.CisSpecialTopicsFall2017\app\shared\empty.component.js.map
C:\Users\Administrator\Source\Repos\cis-special-topics-fall-2017\Techno.Student.CisSpecialTopicsFall2017\app\shared\empty-router-outlet.component.js
C:\Users\Administrator\Source\Repos\cis-special-topics-fall-2017\Techno.Student.CisSpecialTopicsFall2017\app\shared\empty-router-outlet.component.js.map
C:\Users\Administrator\Source\Repos\cis-special-topics-fall-2017\Techno.Student.CisSpecialTopicsFall2017\app\shared\techno-datepicker.component.js
C:\Users\Administrator\Source\Repos\cis-special-topics-fall-2017\Techno.Student.CisSpecialTopicsFall2017\app\shared\techno-datepicker.component.js.map
C:\Users\Administrator\Source\Repos\cis-special-topics-fall-2017\Techno.Student.CisSpecialTopicsFall2017\app\shared\techno-widget.component.js
C:\Users\Administrator\Source\Repos\cis-special-topics-fall-2017\Techno.Student.CisSpecialTopicsFall2017\app\shared\techno-widget.component.js.map
C:\Users\Administrator\Source\Repos\cis-special-topics-fall-2017\Techno.Student.CisSpecialTopicsFall2017\app\shared\shared.module.js
C:\Users\Administrator\Source\Repos\cis-special-topics-fall-2017\Techno.Student.CisSpecialTopicsFall2017\app\shared\shared.module.js.map
C:\Users\Administrator\Source\Repos\cis-special-topics-fall-2017\Techno.Student.CisSpecialTopicsFall2017\app\erp-shared\transaction.component.js
C:\Users\Administrator\Source\Repos\cis-special-topics-fall-2017\Techno.Student.CisSpecialTopicsFall2017\app\erp-shared\transaction.component.js.map
C:\Users\Administrator\Source\Repos\cis-special-topics-fall-2017\Techno.Student.CisSpecialTopicsFall2017\app\erp-shared\erp-shared.module.js
C:\Users\Administrator\Source\Repos\cis-special-topics-fall-2017\Techno.Student.CisSpecialTopicsFall2017\app\erp-shared\erp-shared.module.js.map
C:\Users\Administrator\Source\Repos\cis-special-topics-fall-2017\Techno.Student.CisSpecialTopicsFall2017\app\legal-affairs\master-data\case-parties-lookup.component.js
C:\Users\Administrator\Source\Repos\cis-special-topics-fall-2017\Techno.Student.CisSpecialTopicsFall2017\app\legal-affairs\master-data\case-parties-lookup.component.js.map
C:\Users\Administrator\Source\Repos\cis-special-topics-fall-2017\Techno.Student.CisSpecialTopicsFall2017\app\legal-affairs\master-data\courts-lookup.component.js
C:\Users\Administrator\Source\Repos\cis-special-topics-fall-2017\Techno.Student.CisSpecialTopicsFall2017\app\legal-affairs\master-data\courts-lookup.component.js.map
C:\Users\Administrator\Source\Repos\cis-special-topics-fall-2017\Techno.Student.CisSpecialTopicsFall2017\app\legal-affairs\master-data\master-data.module.js
C:\Users\Administrator\Source\Repos\cis-special-topics-fall-2017\Techno.Student.CisSpecialTopicsFall2017\app\legal-affairs\master-data\master-data.module.js.map
C:\Users\Administrator\Source\Repos\cis-special-topics-fall-2017\Techno.Student.CisSpecialTopicsFall2017\app\legal-affairs\court-cases\court-case-attachments.component.js
C:\Users\Administrator\Source\Repos\cis-special-topics-fall-2017\Techno.Student.CisSpecialTopicsFall2017\app\legal-affairs\court-cases\court-case-attachments.component.js.map
C:\Users\Administrator\Source\Repos\cis-special-topics-fall-2017\Techno.Student.CisSpecialTopicsFall2017\app\legal-affairs\court-cases\court-case-edit.component.js
C:\Users\Administrator\Source\Repos\cis-special-topics-fall-2017\Techno.Student.CisSpecialTopicsFall2017\app\legal-affairs\court-cases\court-case-edit.component.js.map
C:\Users\Administrator\Source\Repos\cis-special-topics-fall-2017\Techno.Student.CisSpecialTopicsFall2017\app\legal-affairs\court-cases\court-case-search.component.js
C:\Users\Administrator\Source\Repos\cis-special-topics-fall-2017\Techno.Student.CisSpecialTopicsFall2017\app\legal-affairs\court-cases\court-case-search.component.js.map
C:\Users\Administrator\Source\Repos\cis-special-topics-fall-2017\Techno.Student.CisSpecialTopicsFall2017\app\legal-affairs\court-cases\court-case-view.component.js
C:\Users\Administrator\Source\Repos\cis-special-topics-fall-2017\Techno.Student.CisSpecialTopicsFall2017\app\legal-affairs\court-cases\court-case-view.component.js.map
C:\Users\Administrator\Source\Repos\cis-special-topics-fall-2017\Techno.Student.CisSpecialTopicsFall2017\app\legal-affairs\court-cases\court-sitting-attachments.component.js
C:\Users\Administrator\Source\Repos\cis-special-topics-fall-2017\Techno.Student.CisSpecialTopicsFall2017\app\legal-affairs\court-cases\court-sitting-attachments.component.js.map
C:\Users\Administrator\Source\Repos\cis-special-topics-fall-2017\Techno.Student.CisSpecialTopicsFall2017\app\legal-affairs\court-cases\court-sitting-edit.component.js
C:\Users\Administrator\Source\Repos\cis-special-topics-fall-2017\Techno.Student.CisSpecialTopicsFall2017\app\legal-affairs\court-cases\court-sitting-edit.component.js.map
C:\Users\Administrator\Source\Repos\cis-special-topics-fall-2017\Techno.Student.CisSpecialTopicsFall2017\app\legal-affairs\court-cases\court-cases.module.js
C:\Users\Administrator\Source\Repos\cis-special-topics-fall-2017\Techno.Student.CisSpecialTopicsFall2017\app\legal-affairs\court-cases\court-cases.module.js.map
C:\Users\Administrator\Source\Repos\cis-special-topics-fall-2017\Techno.Student.CisSpecialTopicsFall2017\app\legal-affairs\legal-affairs.module.js
C:\Users\Administrator\Source\Repos\cis-special-topics-fall-2017\Techno.Student.CisSpecialTopicsFall2017\app\legal-affairs\legal-affairs.module.js.map
C:\Users\Administrator\Source\Repos\cis-special-topics-fall-2017\Techno.Student.CisSpecialTopicsFall2017\app\public-relations\master-data\halls-lookup.component.js
C:\Users\Administrator\Source\Repos\cis-special-topics-fall-2017\Techno.Student.CisSpecialTopicsFall2017\app\public-relations\master-data\halls-lookup.component.js.map
C:\Users\Administrator\Source\Repos\cis-special-topics-fall-2017\Techno.Student.CisSpecialTopicsFall2017\app\public-relations\master-data\master-data.module.js
C:\Users\Administrator\Source\Repos\cis-special-topics-fall-2017\Techno.Student.CisSpecialTopicsFall2017\app\public-relations\master-data\master-data.module.js.map
C:\Users\Administrator\Source\Repos\cis-special-topics-fall-2017\Techno.Student.CisSpecialTopicsFall2017\app\public-relations\halls-booking\available-halls-report.component.js
C:\Users\Administrator\Source\Repos\cis-special-topics-fall-2017\Techno.Student.CisSpecialTopicsFall2017\app\public-relations\halls-booking\available-halls-report.component.js.map
C:\Users\Administrator\Source\Repos\cis-special-topics-fall-2017\Techno.Student.CisSpecialTopicsFall2017\app\public-relations\halls-booking\booked-halls-report.component.js
C:\Users\Administrator\Source\Repos\cis-special-topics-fall-2017\Techno.Student.CisSpecialTopicsFall2017\app\public-relations\halls-booking\booked-halls-report.component.js.map
C:\Users\Administrator\Source\Repos\cis-special-topics-fall-2017\Techno.Student.CisSpecialTopicsFall2017\app\public-relations\halls-booking\hall-booking-cancellation.component.js
C:\Users\Administrator\Source\Repos\cis-special-topics-fall-2017\Techno.Student.CisSpecialTopicsFall2017\app\public-relations\halls-booking\hall-booking-cancellation.component.js.map
C:\Users\Administrator\Source\Repos\cis-special-topics-fall-2017\Techno.Student.CisSpecialTopicsFall2017\app\public-relations\halls-booking\hall-booking-edit.component.js
C:\Users\Administrator\Source\Repos\cis-special-topics-fall-2017\Techno.Student.CisSpecialTopicsFall2017\app\public-relations\halls-booking\hall-booking-edit.component.js.map
C:\Users\Administrator\Source\Repos\cis-special-topics-fall-2017\Techno.Student.CisSpecialTopicsFall2017\app\public-relations\halls-booking\hall-booking-view.component.js
C:\Users\Administrator\Source\Repos\cis-special-topics-fall-2017\Techno.Student.CisSpecialTopicsFall2017\app\public-relations\halls-booking\hall-booking-view.component.js.map
C:\Users\Administrator\Source\Repos\cis-special-topics-fall-2017\Techno.Student.CisSpecialTopicsFall2017\app\public-relations\halls-booking\hall-booking-workflow.component.js
C:\Users\Administrator\Source\Repos\cis-special-topics-fall-2017\Techno.Student.CisSpecialTopicsFall2017\app\public-relations\halls-booking\hall-booking-workflow.component.js.map
C:\Users\Administrator\Source\Repos\cis-special-topics-fall-2017\Techno.Student.CisSpecialTopicsFall2017\app\public-relations\halls-booking\my-halls-bookings.component.js
C:\Users\Administrator\Source\Repos\cis-special-topics-fall-2017\Techno.Student.CisSpecialTopicsFall2017\app\public-relations\halls-booking\my-halls-bookings.component.js.map
C:\Users\Administrator\Source\Repos\cis-special-topics-fall-2017\Techno.Student.CisSpecialTopicsFall2017\app\public-relations\halls-booking\halls-booking.module.js
C:\Users\Administrator\Source\Repos\cis-special-topics-fall-2017\Techno.Student.CisSpecialTopicsFall2017\app\public-relations\halls-booking\halls-booking.module.js.map
C:\Users\Administrator\Source\Repos\cis-special-topics-fall-2017\Techno.Student.CisSpecialTopicsFall2017\app\public-relations\public-relations.module.js
C:\Users\Administrator\Source\Repos\cis-special-topics-fall-2017\Techno.Student.CisSpecialTopicsFall2017\app\public-relations\public-relations.module.js.map
C:\Users\Administrator\Source\Repos\cis-special-topics-fall-2017\Techno.Student.CisSpecialTopicsFall2017\app\legal-affairs\legal-affairs-routing.module.js
C:\Users\Administrator\Source\Repos\cis-special-topics-fall-2017\Techno.Student.CisSpecialTopicsFall2017\app\legal-affairs\legal-affairs-routing.module.js.map
C:\Users\Administrator\Source\Repos\cis-special-topics-fall-2017\Techno.Student.CisSpecialTopicsFall2017\app\public-relations\public-relations-routing.module.js
C:\Users\Administrator\Source\Repos\cis-special-topics-fall-2017\Techno.Student.CisSpecialTopicsFall2017\app\public-relations\public-relations-routing.module.js.map
C:\Users\Administrator\Source\Repos\cis-special-topics-fall-2017\Techno.Student.CisSpecialTopicsFall2017\app\app.module.js
C:\Users\Administrator\Source\Repos\cis-special-topics-fall-2017\Techno.Student.CisSpecialTopicsFall2017\app\app.module.js.map
C:\Users\Administrator\Source\Repos\cis-special-topics-fall-2017\Techno.Student.CisSpecialTopicsFall2017\app\main.js
C:\Users\Administrator\Source\Repos\cis-special-topics-fall-2017\Techno.Student.CisSpecialTopicsFall2017\app\main.js.map
